<html>
<body>
<pre>
<h1>µVision Build Log</h1>
<h2>Project:</h2>
C:\Users\student\Documents\MIT-CSE-LABS\SEM 4\ESL\LAB 6 - LAB 12\CONFIG\config.uvproj
Project File Date:  04/26/2023

<h2>Output:</h2>
Build target 'Target 1'
linking...
Program Size: Code=1456 RO-data=236 RW-data=36 ZI-data=612  
FromELF: creating hex file...
".\config.axf" - 0 Error(s), 0 Warning(s).
</pre>
</body>
</html>
ES\LAB 11\q2.c" - 0 Error(s), 0 Warning(s).
 Warning(s).
compiling q2.c...
"..\CODES\LAB 11\q2.c" - 0 Error(s), 0 Warning(s).
.c" - 0 Error(s), 0 Warning(s).
s), 0 Warning(s).
11\q2.c: 1 warning, 1 error
".\config.axf" - 1 Error(s), 1 Warning(s).
Target not created
compiling q2.c...
"..\CODES\LAB 11\q2.c" - 0 Error(s), 0 Warning(s).

".\config.axf" - 2 Error(s), 1 Warning(s).
Target not created
compiling q2.c...
..\CODES\LAB 11\q2.c(20): warning:  #223-D: function "updatepulsewidth" declared implicitly
                        updatepulsewidth(pulsewidth[0]);
..\CODES\LAB 11\q2.c(41): error:  #159: declaration is incompatible with previous "updatepulsewidth" (declared at line 20)
  void updatepulsewidth(unsigned int pulseWidth)
..\CODES\LAB 11\q2.c: 1 warning, 1 error
"..\CODES\LAB 11\q2.c" - 1 Error(s), 1 Warning(s).
aration is incompatible with previous "updatepulsewidth" (declared at line 19)
  void updatepulsewidth(unsigned int pulseWidth)
..\CODES\LAB 11\q2.c(57): error:  #20: identifier "temp3" is undefined
        temp3 = LPC_GPIO0->FIOPIN;
..\CODES\LAB 11\q2.c: 1 warning, 3 errors
"..\CODES\LAB 11\q2.c" - 3 Error(s), 1 Warning(s).
compiling q2.c...
..\CODES\LAB 11\q2.c(20): warning:  #223-D: function "updatepulsewidth" declared implicitly
                        updatepulsewidth(pulsewidth[0]);
..\CODES\LAB 11\q2.c(20): error:  #20: identifier "pulsewidth" is undefined
                        updatepulsewidth(pulsewidth[0]);
..\CODES\LAB 11\q2.c(41): error:  #159: declaration is incompatible with previous "updatepulsewidth" (declared at line 20)
  void updatepulsewidth(unsigned int pulseWidth)
..\CODES\LAB 11\q2.c: 1 warning, 2 errors
"..\CODES\LAB 11\q2.c" - 2 Error(s), 1 Warning(s).
